2023/01/14 22:37:40.834695 listen tcp :2106: bind: Only one usage of each socket address (protocol/network address/port) is normally permitted.
2023/01/14 22:39:24.567624 Dentro del ciclo para obtener un token no existente
2023/01/14 22:48:07.228055 El tiempo que se llevó exportar todos los productos a un archivo Excel: 2.0745ms
2023/01/14 22:49:16.753631 Error preparando consulta al importar productos:
"near \"ignore\": syntax error"
2023/01/14 22:49:47.455138 El error es: <nil>
2023/01/14 22:49:47.483947 Error preparando consulta al importar productos:
"near \"ignore\": syntax error"
2023/01/14 22:50:30.645079 El error es: <nil>
2023/01/14 22:50:30.673898 Error ejecutando sentencia:
"NOT NULL constraint failed: productos.precioCompra"
2023/01/14 22:50:30.675097 Error ejecutando sentencia:
"NOT NULL constraint failed: productos.precioCompra"
2023/01/14 22:50:30.675097 Error ejecutando sentencia:
"NOT NULL constraint failed: productos.precioCompra"
2023/01/14 22:50:30.679620 Error ejecutando sentencia:
"NOT NULL constraint failed: productos.precioCompra"
2023/01/14 22:50:30.679620 Error ejecutando sentencia:
"NOT NULL constraint failed: productos.precioCompra"
2023/01/14 22:50:30.679620 Error ejecutando sentencia:
"NOT NULL constraint failed: productos.precioCompra"
2023/01/14 22:50:30.679620 Error ejecutando sentencia:
"NOT NULL constraint failed: productos.precioCompra"
2023/01/14 22:50:30.679620 Error ejecutando sentencia:
"NOT NULL constraint failed: productos.precioCompra"
2023/01/14 22:50:30.679620 Error ejecutando sentencia:
"NOT NULL constraint failed: productos.precioCompra"
2023/01/14 22:50:30.679620 Error ejecutando sentencia:
"NOT NULL constraint failed: productos.precioCompra"
2023/01/14 22:50:30.679620 Error ejecutando sentencia:
"NOT NULL constraint failed: productos.precioCompra"
2023/01/14 22:50:30.679620 Error ejecutando sentencia:
"NOT NULL constraint failed: productos.precioCompra"
2023/01/14 22:50:30.679620 Error ejecutando sentencia:
"NOT NULL constraint failed: productos.precioCompra"
2023/01/14 22:50:30.679620 Error ejecutando sentencia:
"NOT NULL constraint failed: productos.precioCompra"
2023/01/14 22:50:30.679620 Error ejecutando sentencia:
"NOT NULL constraint failed: productos.precioCompra"
2023/01/14 22:50:30.679620 Error ejecutando sentencia:
"NOT NULL constraint failed: productos.precioCompra"
2023/01/14 22:50:30.679620 Error ejecutando sentencia:
"NOT NULL constraint failed: productos.precioCompra"
2023/01/14 22:50:30.679620 Error ejecutando sentencia:
"NOT NULL constraint failed: productos.precioCompra"
2023/01/14 22:50:30.679620 Error ejecutando sentencia:
"NOT NULL constraint failed: productos.precioCompra"
2023/01/14 22:50:30.679620 Error ejecutando sentencia:
"NOT NULL constraint failed: productos.precioCompra"
2023/01/14 22:50:30.679620 Error ejecutando sentencia:
"NOT NULL constraint failed: productos.precioCompra"
2023/01/14 22:50:30.679620 Error ejecutando sentencia:
"NOT NULL constraint failed: productos.precioCompra"
2023/01/14 22:50:30.679620 Error ejecutando sentencia:
"NOT NULL constraint failed: productos.precioCompra"
2023/01/14 22:50:30.679620 Error ejecutando sentencia:
"NOT NULL constraint failed: productos.precioCompra"
2023/01/14 22:50:30.679620 Error ejecutando sentencia:
"NOT NULL constraint failed: productos.precioCompra"
2023/01/14 22:50:30.679620 Error ejecutando sentencia:
"NOT NULL constraint failed: productos.precioCompra"
2023/01/14 22:50:30.679620 Error ejecutando sentencia:
"NOT NULL constraint failed: productos.precioCompra"
2023/01/14 22:50:30.679620 Error ejecutando sentencia:
"NOT NULL constraint failed: productos.precioCompra"
2023/01/14 22:50:30.679620 Error ejecutando sentencia:
"NOT NULL constraint failed: productos.precioCompra"
2023/01/14 22:50:30.679620 Error ejecutando sentencia:
"NOT NULL constraint failed: productos.precioCompra"
2023/01/14 22:50:30.679620 Error ejecutando sentencia:
"NOT NULL constraint failed: productos.precioCompra"
2023/01/14 22:50:30.679620 Error ejecutando sentencia:
"NOT NULL constraint failed: productos.precioCompra"
2023/01/14 22:50:30.679620 Error ejecutando sentencia:
"NOT NULL constraint failed: productos.precioCompra"
2023/01/14 22:50:30.679620 Error ejecutando sentencia:
"NOT NULL constraint failed: productos.precioCompra"
2023/01/14 22:50:30.679620 Error ejecutando sentencia:
"NOT NULL constraint failed: productos.precioCompra"
2023/01/14 22:50:30.679620 Error ejecutando sentencia:
"NOT NULL constraint failed: productos.precioCompra"
2023/01/14 22:50:30.679620 Error ejecutando sentencia:
"NOT NULL constraint failed: productos.precioCompra"
2023/01/14 22:50:30.679620 Error ejecutando sentencia:
"NOT NULL constraint failed: productos.precioCompra"
2023/01/14 22:50:30.679620 Error ejecutando sentencia:
"NOT NULL constraint failed: productos.precioCompra"
2023/01/14 22:50:30.679620 Error ejecutando sentencia:
"NOT NULL constraint failed: productos.precioCompra"
2023/01/14 22:50:30.679620 Error ejecutando sentencia:
"NOT NULL constraint failed: productos.precioCompra"
2023/01/14 22:50:30.679620 Error ejecutando sentencia:
"NOT NULL constraint failed: productos.precioCompra"
2023/01/14 22:50:30.679620 Error ejecutando sentencia:
"NOT NULL constraint failed: productos.precioCompra"
2023/01/14 22:50:30.679620 Error ejecutando sentencia:
"NOT NULL constraint failed: productos.precioCompra"
2023/01/14 22:50:30.679620 Error ejecutando sentencia:
"NOT NULL constraint failed: productos.precioCompra"
2023/01/14 22:50:30.679620 Error ejecutando sentencia:
"NOT NULL constraint failed: productos.precioCompra"
2023/01/14 22:50:30.679620 Error ejecutando sentencia:
"NOT NULL constraint failed: productos.precioCompra"
2023/01/14 22:50:30.679620 Error ejecutando sentencia:
"NOT NULL constraint failed: productos.precioCompra"
2023/01/14 22:50:30.679620 Error ejecutando sentencia:
"NOT NULL constraint failed: productos.precioCompra"
2023/01/14 22:50:30.679620 Error ejecutando sentencia:
"NOT NULL constraint failed: productos.precioCompra"
2023/01/14 22:50:30.679620 Error ejecutando sentencia:
"NOT NULL constraint failed: productos.precioCompra"
2023/01/14 22:50:30.679620 Error ejecutando sentencia:
"NOT NULL constraint failed: productos.precioCompra"
2023/01/14 22:50:30.679620 Error ejecutando sentencia:
"NOT NULL constraint failed: productos.precioCompra"
2023/01/14 22:50:30.679620 Error ejecutando sentencia:
"NOT NULL constraint failed: productos.precioCompra"
2023/01/14 22:50:30.679620 Error ejecutando sentencia:
"NOT NULL constraint failed: productos.precioCompra"
2023/01/14 22:50:30.679620 Error ejecutando sentencia:
"NOT NULL constraint failed: productos.precioCompra"
2023/01/14 22:50:30.679620 Error ejecutando sentencia:
"NOT NULL constraint failed: productos.precioCompra"
2023/01/14 22:50:30.679620 Error ejecutando sentencia:
"NOT NULL constraint failed: productos.precioCompra"
2023/01/14 22:50:30.679620 Error ejecutando sentencia:
"NOT NULL constraint failed: productos.precioCompra"
2023/01/14 22:50:30.679620 Error ejecutando sentencia:
"NOT NULL constraint failed: productos.precioCompra"
2023/01/14 22:50:30.679620 Error ejecutando sentencia:
"NOT NULL constraint failed: productos.precioCompra"
2023/01/14 22:50:30.679620 Error ejecutando sentencia:
"NOT NULL constraint failed: productos.precioCompra"
2023/01/14 22:50:30.679620 Error ejecutando sentencia:
"NOT NULL constraint failed: productos.precioCompra"
2023/01/14 22:50:30.679620 Error ejecutando sentencia:
"NOT NULL constraint failed: productos.precioCompra"
2023/01/14 22:50:30.679620 Error ejecutando sentencia:
"NOT NULL constraint failed: productos.precioCompra"
2023/01/14 22:50:30.679620 Error ejecutando sentencia:
"NOT NULL constraint failed: productos.precioCompra"
2023/01/14 22:50:30.679620 Error ejecutando sentencia:
"NOT NULL constraint failed: productos.precioCompra"
2023/01/14 22:50:30.679620 Error ejecutando sentencia:
"NOT NULL constraint failed: productos.precioCompra"
2023/01/14 22:50:30.679620 Error ejecutando sentencia:
"NOT NULL constraint failed: productos.precioCompra"
2023/01/14 22:50:30.680157 Error ejecutando sentencia:
"NOT NULL constraint failed: productos.precioCompra"
2023/01/14 22:50:30.680157 Error ejecutando sentencia:
"NOT NULL constraint failed: productos.precioCompra"
2023/01/14 22:50:30.680157 Error ejecutando sentencia:
"NOT NULL constraint failed: productos.precioCompra"
2023/01/14 22:50:30.680157 Error ejecutando sentencia:
"NOT NULL constraint failed: productos.precioCompra"
2023/01/14 22:50:30.680157 Error ejecutando sentencia:
"NOT NULL constraint failed: productos.precioCompra"
2023/01/14 22:50:30.680157 Error ejecutando sentencia:
"NOT NULL constraint failed: productos.precioCompra"
2023/01/14 22:50:30.680157 Error ejecutando sentencia:
"NOT NULL constraint failed: productos.precioCompra"
2023/01/14 22:50:30.680157 Error ejecutando sentencia:
"NOT NULL constraint failed: productos.precioCompra"
2023/01/14 22:50:30.680157 Error ejecutando sentencia:
"NOT NULL constraint failed: productos.precioCompra"
2023/01/14 22:50:30.680157 Error ejecutando sentencia:
"NOT NULL constraint failed: productos.precioCompra"
2023/01/14 22:50:30.680157 Error ejecutando sentencia:
"NOT NULL constraint failed: productos.precioCompra"
2023/01/14 22:50:30.680157 Error ejecutando sentencia:
"NOT NULL constraint failed: productos.precioCompra"
2023/01/14 22:50:30.680157 Error ejecutando sentencia:
"NOT NULL constraint failed: productos.precioCompra"
2023/01/14 22:50:30.680157 Error ejecutando sentencia:
"NOT NULL constraint failed: productos.precioCompra"
2023/01/14 22:50:30.680157 Error ejecutando sentencia:
"NOT NULL constraint failed: productos.precioCompra"
2023/01/14 22:50:30.680157 Error ejecutando sentencia:
"NOT NULL constraint failed: productos.precioCompra"
2023/01/14 22:50:30.680157 Error ejecutando sentencia:
"NOT NULL constraint failed: productos.precioCompra"
2023/01/14 22:50:30.680157 Error ejecutando sentencia:
"NOT NULL constraint failed: productos.precioCompra"
2023/01/14 22:50:30.680157 Error ejecutando sentencia:
"NOT NULL constraint failed: productos.precioCompra"
2023/01/14 22:50:30.680157 Error ejecutando sentencia:
"NOT NULL constraint failed: productos.precioCompra"
2023/01/14 22:50:30.680157 Error ejecutando sentencia:
"NOT NULL constraint failed: productos.precioCompra"
2023/01/14 22:50:30.680157 Error ejecutando sentencia:
"NOT NULL constraint failed: productos.precioCompra"
2023/01/14 22:50:30.680157 Error ejecutando sentencia:
"NOT NULL constraint failed: productos.precioCompra"
2023/01/14 22:50:30.680157 Error ejecutando sentencia:
"NOT NULL constraint failed: productos.precioCompra"
2023/01/14 22:50:30.680157 Error ejecutando sentencia:
"NOT NULL constraint failed: productos.precioCompra"
2023/01/14 22:50:30.680157 Error ejecutando sentencia:
"NOT NULL constraint failed: productos.precioCompra"
2023/01/14 22:50:30.680157 Error ejecutando sentencia:
"NOT NULL constraint failed: productos.precioCompra"
2023/01/14 22:50:30.680157 Error ejecutando sentencia:
"NOT NULL constraint failed: productos.precioCompra"
2023/01/14 22:50:30.680157 Error ejecutando sentencia:
"NOT NULL constraint failed: productos.precioCompra"
2023/01/14 22:50:30.680157 Error ejecutando sentencia:
"NOT NULL constraint failed: productos.precioCompra"
2023/01/14 22:50:30.680157 Error ejecutando sentencia:
"NOT NULL constraint failed: productos.precioCompra"
2023/01/14 22:50:30.680157 Error ejecutando sentencia:
"NOT NULL constraint failed: productos.precioCompra"
2023/01/14 22:50:30.680157 Error ejecutando sentencia:
"NOT NULL constraint failed: productos.precioCompra"
2023/01/14 22:50:30.680157 Error ejecutando sentencia:
"NOT NULL constraint failed: productos.precioCompra"
2023/01/14 22:50:30.680157 Error ejecutando sentencia:
"NOT NULL constraint failed: productos.precioCompra"
2023/01/14 22:50:30.680157 Error ejecutando sentencia:
"NOT NULL constraint failed: productos.precioCompra"
2023/01/14 22:50:30.680157 Error ejecutando sentencia:
"NOT NULL constraint failed: productos.precioCompra"
2023/01/14 22:50:30.680157 Error ejecutando sentencia:
"NOT NULL constraint failed: productos.precioCompra"
2023/01/14 22:50:30.680157 Error ejecutando sentencia:
"NOT NULL constraint failed: productos.precioCompra"
2023/01/14 22:50:30.680157 Error ejecutando sentencia:
"NOT NULL constraint failed: productos.precioCompra"
2023/01/14 22:50:30.680157 Error ejecutando sentencia:
"NOT NULL constraint failed: productos.precioCompra"
2023/01/14 22:50:30.680157 Error ejecutando sentencia:
"NOT NULL constraint failed: productos.precioCompra"
2023/01/14 22:50:30.680157 Error ejecutando sentencia:
"NOT NULL constraint failed: productos.precioCompra"
2023/01/14 22:50:30.680157 Error ejecutando sentencia:
"NOT NULL constraint failed: productos.precioCompra"
2023/01/14 22:50:30.680157 Error ejecutando sentencia:
"NOT NULL constraint failed: productos.precioCompra"
2023/01/14 22:50:30.680157 Error ejecutando sentencia:
"NOT NULL constraint failed: productos.precioCompra"
2023/01/14 22:50:30.680157 Error ejecutando sentencia:
"NOT NULL constraint failed: productos.precioCompra"
2023/01/14 22:50:30.680157 Error ejecutando sentencia:
"NOT NULL constraint failed: productos.precioCompra"
2023/01/14 22:50:30.680157 Error ejecutando sentencia:
"NOT NULL constraint failed: productos.precioCompra"
2023/01/14 22:50:30.680157 Error ejecutando sentencia:
"NOT NULL constraint failed: productos.precioCompra"
2023/01/14 22:50:30.680157 Error ejecutando sentencia:
"NOT NULL constraint failed: productos.precioCompra"
2023/01/14 22:50:30.680157 Error ejecutando sentencia:
"NOT NULL constraint failed: productos.precioCompra"
2023/01/14 22:50:30.680157 Error ejecutando sentencia:
"NOT NULL constraint failed: productos.precioCompra"
2023/01/14 22:50:30.680157 Error ejecutando sentencia:
"NOT NULL constraint failed: productos.precioCompra"
2023/01/14 22:50:30.680157 Error ejecutando sentencia:
"NOT NULL constraint failed: productos.precioCompra"
2023/01/14 22:50:30.680157 Error ejecutando sentencia:
"NOT NULL constraint failed: productos.precioCompra"
2023/01/14 22:50:30.680157 Error ejecutando sentencia:
"NOT NULL constraint failed: productos.precioCompra"
2023/01/14 22:50:30.680157 Error ejecutando sentencia:
"NOT NULL constraint failed: productos.precioCompra"
2023/01/14 22:50:30.680157 Error ejecutando sentencia:
"NOT NULL constraint failed: productos.precioCompra"
2023/01/14 22:50:30.680157 Error ejecutando sentencia:
"NOT NULL constraint failed: productos.precioCompra"
2023/01/14 22:50:30.680157 Error ejecutando sentencia:
"NOT NULL constraint failed: productos.precioCompra"
2023/01/14 22:50:30.680157 Error ejecutando sentencia:
"NOT NULL constraint failed: productos.precioCompra"
2023/01/14 22:50:30.680157 Error ejecutando sentencia:
"NOT NULL constraint failed: productos.precioCompra"
2023/01/14 22:50:30.680157 Error ejecutando sentencia:
"NOT NULL constraint failed: productos.precioCompra"
2023/01/14 22:50:30.680157 Error ejecutando sentencia:
"NOT NULL constraint failed: productos.precioCompra"
2023/01/14 22:50:30.680157 Error ejecutando sentencia:
"NOT NULL constraint failed: productos.precioCompra"
2023/01/14 22:50:30.680157 Error ejecutando sentencia:
"NOT NULL constraint failed: productos.precioCompra"
2023/01/14 22:50:30.680157 Error ejecutando sentencia:
"NOT NULL constraint failed: productos.precioCompra"
2023/01/14 22:50:30.680157 Error ejecutando sentencia:
"NOT NULL constraint failed: productos.precioCompra"
2023/01/14 22:50:30.680157 Error ejecutando sentencia:
"NOT NULL constraint failed: productos.precioCompra"
2023/01/14 22:50:30.680157 Error ejecutando sentencia:
"NOT NULL constraint failed: productos.precioCompra"
2023/01/14 22:50:30.680703 Error ejecutando sentencia:
"NOT NULL constraint failed: productos.precioCompra"
2023/01/14 22:50:30.680703 Error ejecutando sentencia:
"NOT NULL constraint failed: productos.precioCompra"
2023/01/14 22:50:30.680703 Error ejecutando sentencia:
"NOT NULL constraint failed: productos.precioCompra"
2023/01/14 22:50:30.680703 Error ejecutando sentencia:
"NOT NULL constraint failed: productos.precioCompra"
2023/01/14 22:50:30.680703 Error ejecutando sentencia:
"NOT NULL constraint failed: productos.precioCompra"
2023/01/14 22:50:30.680703 Error ejecutando sentencia:
"NOT NULL constraint failed: productos.precioCompra"
2023/01/14 22:50:30.680703 Error ejecutando sentencia:
"NOT NULL constraint failed: productos.precioCompra"
2023/01/14 22:50:30.680703 Error ejecutando sentencia:
"NOT NULL constraint failed: productos.precioCompra"
2023/01/14 22:50:30.680703 Error ejecutando sentencia:
"NOT NULL constraint failed: productos.precioCompra"
2023/01/14 22:50:30.680703 Error ejecutando sentencia:
"NOT NULL constraint failed: productos.precioCompra"
2023/01/14 22:50:30.680703 Error ejecutando sentencia:
"NOT NULL constraint failed: productos.precioCompra"
2023/01/14 22:50:30.680703 Error ejecutando sentencia:
"NOT NULL constraint failed: productos.precioCompra"
2023/01/14 22:50:30.680703 Error ejecutando sentencia:
"NOT NULL constraint failed: productos.precioCompra"
2023/01/14 22:50:30.680703 Error ejecutando sentencia:
"NOT NULL constraint failed: productos.precioCompra"
2023/01/14 22:50:30.680703 Error ejecutando sentencia:
"NOT NULL constraint failed: productos.precioCompra"
2023/01/14 22:50:30.680703 Error ejecutando sentencia:
"NOT NULL constraint failed: productos.precioCompra"
2023/01/14 22:50:30.680703 Error ejecutando sentencia:
"NOT NULL constraint failed: productos.precioCompra"
2023/01/14 22:50:30.680703 Error ejecutando sentencia:
"NOT NULL constraint failed: productos.precioCompra"
2023/01/14 22:50:30.680703 Error ejecutando sentencia:
"NOT NULL constraint failed: productos.precioCompra"
2023/01/14 22:50:30.680703 Error ejecutando sentencia:
"NOT NULL constraint failed: productos.precioCompra"
2023/01/14 22:50:30.680703 Error ejecutando sentencia:
"NOT NULL constraint failed: productos.precioCompra"
2023/01/14 22:50:30.680703 Error ejecutando sentencia:
"NOT NULL constraint failed: productos.precioCompra"
2023/01/14 22:50:30.680703 Error ejecutando sentencia:
"NOT NULL constraint failed: productos.precioCompra"
2023/01/14 22:50:30.680703 Error ejecutando sentencia:
"NOT NULL constraint failed: productos.precioCompra"
2023/01/14 22:50:30.680703 Error ejecutando sentencia:
"NOT NULL constraint failed: productos.precioCompra"
2023/01/14 22:50:30.680703 Error ejecutando sentencia:
"NOT NULL constraint failed: productos.precioCompra"
2023/01/14 22:50:30.680703 Error ejecutando sentencia:
"NOT NULL constraint failed: productos.precioCompra"
2023/01/14 22:50:30.680703 Error ejecutando sentencia:
"NOT NULL constraint failed: productos.precioCompra"
2023/01/14 22:50:30.680703 Error ejecutando sentencia:
"NOT NULL constraint failed: productos.precioCompra"
2023/01/14 22:50:30.680703 Error ejecutando sentencia:
"NOT NULL constraint failed: productos.precioCompra"
2023/01/14 22:50:30.680703 Error ejecutando sentencia:
"NOT NULL constraint failed: productos.precioCompra"
2023/01/14 22:50:30.680703 Error ejecutando sentencia:
"NOT NULL constraint failed: productos.precioCompra"
2023/01/14 22:50:30.680703 Error ejecutando sentencia:
"NOT NULL constraint failed: productos.precioCompra"
2023/01/14 22:50:30.680703 Error ejecutando sentencia:
"NOT NULL constraint failed: productos.precioCompra"
2023/01/14 22:50:30.680703 Error ejecutando sentencia:
"NOT NULL constraint failed: productos.precioCompra"
2023/01/14 22:50:30.680703 Error ejecutando sentencia:
"NOT NULL constraint failed: productos.precioCompra"
2023/01/14 22:50:30.680703 Error ejecutando sentencia:
"NOT NULL constraint failed: productos.precioCompra"
2023/01/14 22:50:30.680703 Error ejecutando sentencia:
"NOT NULL constraint failed: productos.precioCompra"
2023/01/14 22:50:30.680703 Error ejecutando sentencia:
"NOT NULL constraint failed: productos.precioCompra"
2023/01/14 22:50:30.680703 Error ejecutando sentencia:
"NOT NULL constraint failed: productos.precioCompra"
2023/01/14 22:50:30.680703 Error ejecutando sentencia:
"NOT NULL constraint failed: productos.precioCompra"
2023/01/14 22:50:30.680703 Error ejecutando sentencia:
"NOT NULL constraint failed: productos.precioCompra"
2023/01/14 22:50:30.680703 Error ejecutando sentencia:
"NOT NULL constraint failed: productos.precioCompra"
2023/01/14 22:50:30.680703 Error ejecutando sentencia:
"NOT NULL constraint failed: productos.precioCompra"
2023/01/14 22:50:30.680703 Error ejecutando sentencia:
"NOT NULL constraint failed: productos.precioCompra"
2023/01/14 22:50:30.680703 Error ejecutando sentencia:
"NOT NULL constraint failed: productos.precioCompra"
2023/01/14 22:50:30.680703 Error ejecutando sentencia:
"NOT NULL constraint failed: productos.precioCompra"
2023/01/14 22:50:30.680703 Error ejecutando sentencia:
"NOT NULL constraint failed: productos.precioCompra"
2023/01/14 22:50:30.680703 Error ejecutando sentencia:
"NOT NULL constraint failed: productos.precioCompra"
2023/01/14 22:50:30.680703 Error ejecutando sentencia:
"NOT NULL constraint failed: productos.precioCompra"
2023/01/14 22:50:30.680703 Error ejecutando sentencia:
"NOT NULL constraint failed: productos.precioCompra"
2023/01/14 22:50:30.680703 Error ejecutando sentencia:
"NOT NULL constraint failed: productos.precioCompra"
2023/01/14 22:50:30.680703 Error ejecutando sentencia:
"NOT NULL constraint failed: productos.precioCompra"
2023/01/14 22:50:30.680703 Error ejecutando sentencia:
"NOT NULL constraint failed: productos.precioCompra"
2023/01/14 22:50:30.680703 Error ejecutando sentencia:
"NOT NULL constraint failed: productos.precioCompra"
2023/01/14 22:50:30.680703 Error ejecutando sentencia:
"NOT NULL constraint failed: productos.precioCompra"
2023/01/14 22:50:30.680703 Error ejecutando sentencia:
"NOT NULL constraint failed: productos.precioCompra"
2023/01/14 22:50:30.680703 Error ejecutando sentencia:
"NOT NULL constraint failed: productos.precioCompra"
2023/01/14 22:50:30.680703 Error ejecutando sentencia:
"NOT NULL constraint failed: productos.precioCompra"
2023/01/14 22:50:30.680703 Error ejecutando sentencia:
"NOT NULL constraint failed: productos.precioCompra"
2023/01/14 22:50:30.680703 Error ejecutando sentencia:
"NOT NULL constraint failed: productos.precioCompra"
2023/01/14 22:50:30.680703 Error ejecutando sentencia:
"NOT NULL constraint failed: productos.precioCompra"
2023/01/14 22:50:30.680703 Error ejecutando sentencia:
"NOT NULL constraint failed: productos.precioCompra"
2023/01/14 22:50:30.680703 Error ejecutando sentencia:
"NOT NULL constraint failed: productos.precioCompra"
2023/01/14 22:50:30.680703 Error ejecutando sentencia:
"NOT NULL constraint failed: productos.precioCompra"
2023/01/14 22:50:30.680703 Error ejecutando sentencia:
"NOT NULL constraint failed: productos.precioCompra"
2023/01/14 22:50:30.680703 Error ejecutando sentencia:
"NOT NULL constraint failed: productos.precioCompra"
2023/01/14 22:50:30.680703 Error ejecutando sentencia:
"NOT NULL constraint failed: productos.precioCompra"
2023/01/14 22:50:30.680703 Error ejecutando sentencia:
"NOT NULL constraint failed: productos.precioCompra"
2023/01/14 22:50:30.680703 Error ejecutando sentencia:
"NOT NULL constraint failed: productos.precioCompra"
2023/01/14 22:50:30.680703 Error ejecutando sentencia:
"NOT NULL constraint failed: productos.precioCompra"
2023/01/14 22:50:30.681245 Error ejecutando sentencia:
"NOT NULL constraint failed: productos.precioCompra"
2023/01/14 22:50:30.681245 Error ejecutando sentencia:
"NOT NULL constraint failed: productos.precioCompra"
2023/01/14 22:50:30.681245 Error ejecutando sentencia:
"NOT NULL constraint failed: productos.precioCompra"
2023/01/14 22:50:30.681245 Error ejecutando sentencia:
"NOT NULL constraint failed: productos.precioCompra"
2023/01/14 22:50:30.681245 Error ejecutando sentencia:
"NOT NULL constraint failed: productos.precioCompra"
2023/01/14 22:50:30.681245 Error ejecutando sentencia:
"NOT NULL constraint failed: productos.precioCompra"
2023/01/14 22:50:30.681245 Error ejecutando sentencia:
"NOT NULL constraint failed: productos.precioCompra"
2023/01/14 22:50:30.681245 Error ejecutando sentencia:
"NOT NULL constraint failed: productos.precioCompra"
2023/01/14 22:50:30.681245 Error ejecutando sentencia:
"NOT NULL constraint failed: productos.precioCompra"
2023/01/14 22:50:30.681245 Error ejecutando sentencia:
"NOT NULL constraint failed: productos.precioCompra"
2023/01/14 22:50:30.681245 Error ejecutando sentencia:
"NOT NULL constraint failed: productos.precioCompra"
2023/01/14 22:50:30.681245 Error ejecutando sentencia:
"NOT NULL constraint failed: productos.precioCompra"
2023/01/14 22:50:30.681245 Error ejecutando sentencia:
"NOT NULL constraint failed: productos.precioCompra"
2023/01/14 22:50:30.681245 Error ejecutando sentencia:
"NOT NULL constraint failed: productos.precioCompra"
2023/01/14 22:50:30.681245 Error ejecutando sentencia:
"NOT NULL constraint failed: productos.precioCompra"
2023/01/14 22:50:30.681245 Error ejecutando sentencia:
"NOT NULL constraint failed: productos.precioCompra"
2023/01/14 22:50:30.681245 Error ejecutando sentencia:
"NOT NULL constraint failed: productos.precioCompra"
2023/01/14 22:50:30.681245 Error ejecutando sentencia:
"NOT NULL constraint failed: productos.precioCompra"
2023/01/14 22:50:30.681245 Error ejecutando sentencia:
"NOT NULL constraint failed: productos.precioCompra"
2023/01/14 22:50:30.681245 Error ejecutando sentencia:
"NOT NULL constraint failed: productos.precioCompra"
2023/01/14 22:50:30.681245 Error ejecutando sentencia:
"NOT NULL constraint failed: productos.precioCompra"
2023/01/14 22:50:30.681245 Error ejecutando sentencia:
"NOT NULL constraint failed: productos.precioCompra"
2023/01/14 22:50:30.681245 Error ejecutando sentencia:
"NOT NULL constraint failed: productos.precioCompra"
2023/01/14 22:50:30.681245 Error ejecutando sentencia:
"NOT NULL constraint failed: productos.precioCompra"
2023/01/14 22:50:30.681245 Error ejecutando sentencia:
"NOT NULL constraint failed: productos.precioCompra"
2023/01/14 22:50:30.681245 Error ejecutando sentencia:
"NOT NULL constraint failed: productos.precioCompra"
2023/01/14 22:50:30.681245 Error ejecutando sentencia:
"NOT NULL constraint failed: productos.precioCompra"
2023/01/14 22:50:30.681245 Error ejecutando sentencia:
"NOT NULL constraint failed: productos.precioCompra"
2023/01/14 22:50:30.681245 Error ejecutando sentencia:
"NOT NULL constraint failed: productos.precioCompra"
2023/01/14 22:50:30.681245 Error ejecutando sentencia:
"NOT NULL constraint failed: productos.precioCompra"
2023/01/14 22:50:30.681245 Error ejecutando sentencia:
"NOT NULL constraint failed: productos.precioCompra"
2023/01/14 22:50:30.681245 Error ejecutando sentencia:
"NOT NULL constraint failed: productos.precioCompra"
2023/01/14 22:50:30.681245 Error ejecutando sentencia:
"NOT NULL constraint failed: productos.precioCompra"
2023/01/14 22:50:30.681245 Error ejecutando sentencia:
"NOT NULL constraint failed: productos.precioCompra"
2023/01/14 22:50:30.681245 Error ejecutando sentencia:
"NOT NULL constraint failed: productos.precioCompra"
2023/01/14 22:50:30.681245 Error ejecutando sentencia:
"NOT NULL constraint failed: productos.precioCompra"
2023/01/14 22:50:30.681245 Error ejecutando sentencia:
"NOT NULL constraint failed: productos.precioCompra"
2023/01/14 22:50:30.681245 Error ejecutando sentencia:
"NOT NULL constraint failed: productos.precioCompra"
2023/01/14 22:50:30.681245 Error ejecutando sentencia:
"NOT NULL constraint failed: productos.precioCompra"
2023/01/14 22:50:30.681245 Error ejecutando sentencia:
"NOT NULL constraint failed: productos.precioCompra"
2023/01/14 22:50:30.681245 Error ejecutando sentencia:
"NOT NULL constraint failed: productos.precioCompra"
2023/01/14 22:50:30.681245 Error ejecutando sentencia:
"NOT NULL constraint failed: productos.precioCompra"
2023/01/14 22:50:30.681245 Error ejecutando sentencia:
"NOT NULL constraint failed: productos.precioCompra"
2023/01/14 22:50:30.681245 Error ejecutando sentencia:
"NOT NULL constraint failed: productos.precioCompra"
2023/01/14 22:50:30.681245 Error ejecutando sentencia:
"NOT NULL constraint failed: productos.precioCompra"
2023/01/14 22:50:30.681245 Error ejecutando sentencia:
"NOT NULL constraint failed: productos.precioCompra"
2023/01/14 22:50:30.681245 Error ejecutando sentencia:
"NOT NULL constraint failed: productos.precioCompra"
2023/01/14 22:50:30.681245 Error ejecutando sentencia:
"NOT NULL constraint failed: productos.precioCompra"
2023/01/14 22:50:30.681245 Error ejecutando sentencia:
"NOT NULL constraint failed: productos.precioCompra"
2023/01/14 22:50:30.681245 Error ejecutando sentencia:
"NOT NULL constraint failed: productos.precioCompra"
2023/01/14 22:50:30.681245 Error ejecutando sentencia:
"NOT NULL constraint failed: productos.precioCompra"
2023/01/14 22:50:30.681245 Error ejecutando sentencia:
"NOT NULL constraint failed: productos.precioCompra"
2023/01/14 22:50:30.681245 Error ejecutando sentencia:
"NOT NULL constraint failed: productos.precioCompra"
2023/01/14 22:50:30.681245 Error ejecutando sentencia:
"NOT NULL constraint failed: productos.precioCompra"
2023/01/14 22:50:30.681245 Error ejecutando sentencia:
"NOT NULL constraint failed: productos.precioCompra"
2023/01/14 22:50:30.681245 Error ejecutando sentencia:
"NOT NULL constraint failed: productos.precioCompra"
2023/01/14 22:50:30.681245 Error ejecutando sentencia:
"NOT NULL constraint failed: productos.precioCompra"
2023/01/14 22:50:30.681245 Error ejecutando sentencia:
"NOT NULL constraint failed: productos.precioCompra"
2023/01/14 22:50:30.681245 Error ejecutando sentencia:
"NOT NULL constraint failed: productos.precioCompra"
2023/01/14 22:50:30.681245 Error ejecutando sentencia:
"NOT NULL constraint failed: productos.precioCompra"
2023/01/14 22:50:30.681245 Error ejecutando sentencia:
"NOT NULL constraint failed: productos.precioCompra"
2023/01/14 22:50:30.681245 Error ejecutando sentencia:
"NOT NULL constraint failed: productos.precioCompra"
2023/01/14 22:50:30.681245 Error ejecutando sentencia:
"NOT NULL constraint failed: productos.precioCompra"
2023/01/14 22:50:30.681245 Error ejecutando sentencia:
"NOT NULL constraint failed: productos.precioCompra"
2023/01/14 22:50:30.681245 Error ejecutando sentencia:
"NOT NULL constraint failed: productos.precioCompra"
2023/01/14 22:50:30.681245 Error ejecutando sentencia:
"NOT NULL constraint failed: productos.precioCompra"
2023/01/14 22:50:30.681245 Error ejecutando sentencia:
"NOT NULL constraint failed: productos.precioCompra"
2023/01/14 22:50:30.681245 Error ejecutando sentencia:
"NOT NULL constraint failed: productos.precioCompra"
2023/01/14 22:50:30.681245 Error ejecutando sentencia:
"NOT NULL constraint failed: productos.precioCompra"
2023/01/14 22:50:30.681245 Error ejecutando sentencia:
"NOT NULL constraint failed: productos.precioCompra"
2023/01/14 22:50:30.681245 Error ejecutando sentencia:
"NOT NULL constraint failed: productos.precioCompra"
2023/01/14 22:50:30.681245 Error ejecutando sentencia:
"NOT NULL constraint failed: productos.precioCompra"
2023/01/14 22:50:30.681245 Error ejecutando sentencia:
"NOT NULL constraint failed: productos.precioCompra"
2023/01/14 22:50:30.681786 Error ejecutando sentencia:
"NOT NULL constraint failed: productos.precioCompra"
2023/01/14 22:50:30.681786 Error ejecutando sentencia:
"NOT NULL constraint failed: productos.precioCompra"
2023/01/14 22:50:30.681786 Error ejecutando sentencia:
"NOT NULL constraint failed: productos.precioCompra"
2023/01/14 22:50:30.681786 Error ejecutando sentencia:
"NOT NULL constraint failed: productos.precioCompra"
2023/01/14 22:50:30.681786 Error ejecutando sentencia:
"NOT NULL constraint failed: productos.precioCompra"
2023/01/14 22:50:30.681786 Error ejecutando sentencia:
"NOT NULL constraint failed: productos.precioCompra"
2023/01/14 22:50:30.681786 Error ejecutando sentencia:
"NOT NULL constraint failed: productos.precioCompra"
2023/01/14 22:50:30.681786 Error ejecutando sentencia:
"NOT NULL constraint failed: productos.precioCompra"
2023/01/14 22:50:30.681786 Error ejecutando sentencia:
"NOT NULL constraint failed: productos.precioCompra"
2023/01/14 22:50:30.681786 Error ejecutando sentencia:
"NOT NULL constraint failed: productos.precioCompra"
2023/01/14 22:50:30.681786 Error ejecutando sentencia:
"NOT NULL constraint failed: productos.precioCompra"
2023/01/14 22:50:30.681786 Error ejecutando sentencia:
"NOT NULL constraint failed: productos.precioCompra"
2023/01/14 22:50:30.681786 Error ejecutando sentencia:
"NOT NULL constraint failed: productos.precioCompra"
2023/01/14 22:50:30.681786 Error ejecutando sentencia:
"NOT NULL constraint failed: productos.precioCompra"
2023/01/14 22:50:30.681786 Error ejecutando sentencia:
"NOT NULL constraint failed: productos.precioCompra"
2023/01/14 22:50:30.681786 Error ejecutando sentencia:
"NOT NULL constraint failed: productos.precioCompra"
2023/01/14 22:50:30.681786 Error ejecutando sentencia:
"NOT NULL constraint failed: productos.precioCompra"
2023/01/14 22:50:30.681786 Error ejecutando sentencia:
"NOT NULL constraint failed: productos.precioCompra"
2023/01/14 22:50:30.681786 Error ejecutando sentencia:
"NOT NULL constraint failed: productos.precioCompra"
2023/01/14 22:50:30.681786 Error ejecutando sentencia:
"NOT NULL constraint failed: productos.precioCompra"
2023/01/14 22:50:30.681786 Error ejecutando sentencia:
"NOT NULL constraint failed: productos.precioCompra"
2023/01/14 22:50:30.681786 Error ejecutando sentencia:
"NOT NULL constraint failed: productos.precioCompra"
2023/01/14 22:50:30.681786 Error ejecutando sentencia:
"NOT NULL constraint failed: productos.precioCompra"
2023/01/14 22:50:30.681786 Error ejecutando sentencia:
"NOT NULL constraint failed: productos.precioCompra"
2023/01/14 22:50:30.681786 Error ejecutando sentencia:
"NOT NULL constraint failed: productos.precioCompra"
2023/01/14 22:50:30.681786 Error ejecutando sentencia:
"NOT NULL constraint failed: productos.precioCompra"
2023/01/14 22:50:30.681786 Error ejecutando sentencia:
"NOT NULL constraint failed: productos.precioCompra"
2023/01/14 22:50:30.681786 Error ejecutando sentencia:
"NOT NULL constraint failed: productos.precioCompra"
2023/01/14 22:50:30.681786 Error ejecutando sentencia:
"NOT NULL constraint failed: productos.precioCompra"
2023/01/14 22:50:30.681786 Error ejecutando sentencia:
"NOT NULL constraint failed: productos.precioCompra"
2023/01/14 22:50:30.681786 Error ejecutando sentencia:
"NOT NULL constraint failed: productos.precioCompra"
2023/01/14 22:50:30.681786 Error ejecutando sentencia:
"NOT NULL constraint failed: productos.precioCompra"
2023/01/14 22:50:30.681786 Error ejecutando sentencia:
"NOT NULL constraint failed: productos.precioCompra"
2023/01/14 22:50:30.681786 Error ejecutando sentencia:
"NOT NULL constraint failed: productos.precioCompra"
2023/01/14 22:50:30.681786 Error ejecutando sentencia:
"NOT NULL constraint failed: productos.precioCompra"
2023/01/14 22:50:30.681786 Error ejecutando sentencia:
"NOT NULL constraint failed: productos.precioCompra"
2023/01/14 22:50:30.681786 Error ejecutando sentencia:
"NOT NULL constraint failed: productos.precioCompra"
2023/01/14 22:50:30.681786 Error ejecutando sentencia:
"NOT NULL constraint failed: productos.precioCompra"
2023/01/14 22:50:30.681786 Error ejecutando sentencia:
"NOT NULL constraint failed: productos.precioCompra"
2023/01/14 22:50:30.681786 Error ejecutando sentencia:
"NOT NULL constraint failed: productos.precioCompra"
2023/01/14 22:50:30.681786 Error ejecutando sentencia:
"NOT NULL constraint failed: productos.precioCompra"
2023/01/14 22:50:30.681786 Error ejecutando sentencia:
"NOT NULL constraint failed: productos.precioCompra"
2023/01/14 22:50:30.681786 Error ejecutando sentencia:
"NOT NULL constraint failed: productos.precioCompra"
2023/01/14 22:50:30.681786 Error ejecutando sentencia:
"NOT NULL constraint failed: productos.precioCompra"
2023/01/14 22:50:30.681786 Error ejecutando sentencia:
"NOT NULL constraint failed: productos.precioCompra"
2023/01/14 22:50:30.681786 Error ejecutando sentencia:
"NOT NULL constraint failed: productos.precioCompra"
2023/01/14 22:50:30.681786 Error ejecutando sentencia:
"NOT NULL constraint failed: productos.precioCompra"
2023/01/14 22:50:30.681786 Error ejecutando sentencia:
"NOT NULL constraint failed: productos.precioCompra"
2023/01/14 22:50:30.681786 Error ejecutando sentencia:
"NOT NULL constraint failed: productos.precioCompra"
2023/01/14 22:50:30.681786 Error ejecutando sentencia:
"NOT NULL constraint failed: productos.precioCompra"
2023/01/14 22:50:30.681786 Error ejecutando sentencia:
"NOT NULL constraint failed: productos.precioCompra"
2023/01/14 22:50:30.681786 Error ejecutando sentencia:
"NOT NULL constraint failed: productos.precioCompra"
2023/01/14 22:50:30.681786 Error ejecutando sentencia:
"NOT NULL constraint failed: productos.precioCompra"
2023/01/14 22:50:30.681786 Error ejecutando sentencia:
"NOT NULL constraint failed: productos.precioCompra"
2023/01/14 22:50:30.681786 Error ejecutando sentencia:
"NOT NULL constraint failed: productos.precioCompra"
2023/01/14 22:50:30.681786 Error ejecutando sentencia:
"NOT NULL constraint failed: productos.precioCompra"
2023/01/14 22:50:30.681786 Error ejecutando sentencia:
"NOT NULL constraint failed: productos.precioCompra"
2023/01/14 22:50:30.681786 Error ejecutando sentencia:
"NOT NULL constraint failed: productos.precioCompra"
2023/01/14 22:50:30.681786 Error ejecutando sentencia:
"NOT NULL constraint failed: productos.precioCompra"
2023/01/14 22:50:30.681786 Error ejecutando sentencia:
"NOT NULL constraint failed: productos.precioCompra"
2023/01/14 22:50:30.681786 Error ejecutando sentencia:
"NOT NULL constraint failed: productos.precioCompra"
2023/01/14 22:50:30.681786 Error ejecutando sentencia:
"NOT NULL constraint failed: productos.precioCompra"
2023/01/14 22:50:30.681786 Error ejecutando sentencia:
"NOT NULL constraint failed: productos.precioCompra"
2023/01/14 22:50:30.681786 Error ejecutando sentencia:
"NOT NULL constraint failed: productos.precioCompra"
2023/01/14 22:50:30.681786 Error ejecutando sentencia:
"NOT NULL constraint failed: productos.precioCompra"
2023/01/14 22:50:30.681786 Error ejecutando sentencia:
"NOT NULL constraint failed: productos.precioCompra"
2023/01/14 22:50:30.681786 Error ejecutando sentencia:
"NOT NULL constraint failed: productos.precioCompra"
2023/01/14 22:50:30.681786 Error ejecutando sentencia:
"NOT NULL constraint failed: productos.precioCompra"
2023/01/14 22:50:30.681786 Error ejecutando sentencia:
"NOT NULL constraint failed: productos.precioCompra"
2023/01/14 22:50:30.681786 Error ejecutando sentencia:
"NOT NULL constraint failed: productos.precioCompra"
2023/01/14 22:50:30.681786 Error ejecutando sentencia:
"NOT NULL constraint failed: productos.precioCompra"
2023/01/14 22:50:30.682329 Error ejecutando sentencia:
"NOT NULL constraint failed: productos.precioCompra"
2023/01/14 22:50:30.682329 Error ejecutando sentencia:
"NOT NULL constraint failed: productos.precioCompra"
2023/01/14 22:50:30.682329 Error ejecutando sentencia:
"NOT NULL constraint failed: productos.precioCompra"
2023/01/14 22:50:30.682329 Error ejecutando sentencia:
"NOT NULL constraint failed: productos.precioCompra"
2023/01/14 22:50:30.682329 Error ejecutando sentencia:
"NOT NULL constraint failed: productos.precioCompra"
2023/01/14 22:50:30.682329 Error ejecutando sentencia:
"NOT NULL constraint failed: productos.precioCompra"
2023/01/14 22:50:30.682329 Error ejecutando sentencia:
"NOT NULL constraint failed: productos.precioCompra"
2023/01/14 22:50:30.682329 Error ejecutando sentencia:
"NOT NULL constraint failed: productos.precioCompra"
2023/01/14 22:50:30.682329 Error ejecutando sentencia:
"NOT NULL constraint failed: productos.precioCompra"
2023/01/14 22:50:30.682329 Error ejecutando sentencia:
"NOT NULL constraint failed: productos.precioCompra"
2023/01/14 22:50:30.682329 Error ejecutando sentencia:
"NOT NULL constraint failed: productos.precioCompra"
2023/01/14 22:50:30.682329 Error ejecutando sentencia:
"NOT NULL constraint failed: productos.precioCompra"
2023/01/14 22:50:30.682329 Error ejecutando sentencia:
"NOT NULL constraint failed: productos.precioCompra"
2023/01/14 22:50:30.682329 Error ejecutando sentencia:
"NOT NULL constraint failed: productos.precioCompra"
2023/01/14 22:50:30.682329 Error ejecutando sentencia:
"NOT NULL constraint failed: productos.precioCompra"
2023/01/14 22:50:30.682329 Error ejecutando sentencia:
"NOT NULL constraint failed: productos.precioCompra"
2023/01/14 22:50:30.682329 Error ejecutando sentencia:
"NOT NULL constraint failed: productos.precioCompra"
2023/01/14 22:50:30.682329 Error ejecutando sentencia:
"NOT NULL constraint failed: productos.precioCompra"
2023/01/14 22:50:30.682329 Error ejecutando sentencia:
"NOT NULL constraint failed: productos.precioCompra"
2023/01/14 22:50:30.682329 Error ejecutando sentencia:
"NOT NULL constraint failed: productos.precioCompra"
2023/01/14 22:50:30.682329 Error ejecutando sentencia:
"NOT NULL constraint failed: productos.precioCompra"
2023/01/14 22:50:30.682329 Error ejecutando sentencia:
"NOT NULL constraint failed: productos.precioCompra"
2023/01/14 22:50:30.682329 Error ejecutando sentencia:
"NOT NULL constraint failed: productos.precioCompra"
2023/01/14 22:50:30.682329 Error ejecutando sentencia:
"NOT NULL constraint failed: productos.precioCompra"
2023/01/14 22:50:30.682329 Error ejecutando sentencia:
"NOT NULL constraint failed: productos.precioCompra"
2023/01/14 22:50:30.682329 Error ejecutando sentencia:
"NOT NULL constraint failed: productos.precioCompra"
2023/01/14 22:50:30.682329 Error ejecutando sentencia:
"NOT NULL constraint failed: productos.precioCompra"
2023/01/14 22:50:30.682329 Error ejecutando sentencia:
"NOT NULL constraint failed: productos.precioCompra"
2023/01/14 22:50:30.682329 Error ejecutando sentencia:
"NOT NULL constraint failed: productos.precioCompra"
2023/01/14 22:50:30.682329 Error ejecutando sentencia:
"NOT NULL constraint failed: productos.precioCompra"
2023/01/14 22:50:30.682329 Error ejecutando sentencia:
"NOT NULL constraint failed: productos.precioCompra"
2023/01/14 22:50:30.682329 Error ejecutando sentencia:
"NOT NULL constraint failed: productos.precioCompra"
2023/01/14 22:50:30.682329 Error ejecutando sentencia:
"NOT NULL constraint failed: productos.precioCompra"
2023/01/14 22:50:30.682329 Error ejecutando sentencia:
"NOT NULL constraint failed: productos.precioCompra"
2023/01/14 22:50:30.682329 Error ejecutando sentencia:
"NOT NULL constraint failed: productos.precioCompra"
2023/01/14 22:50:30.682329 Error ejecutando sentencia:
"NOT NULL constraint failed: productos.precioCompra"
2023/01/14 22:50:30.682329 Error ejecutando sentencia:
"NOT NULL constraint failed: productos.precioCompra"
2023/01/14 22:50:30.682329 Error ejecutando sentencia:
"NOT NULL constraint failed: productos.precioCompra"
2023/01/14 22:50:30.682329 Error ejecutando sentencia:
"NOT NULL constraint failed: productos.precioCompra"
2023/01/14 22:50:30.682329 Error ejecutando sentencia:
"NOT NULL constraint failed: productos.precioCompra"
2023/01/14 22:50:30.682329 Error ejecutando sentencia:
"NOT NULL constraint failed: productos.precioCompra"
2023/01/14 22:50:30.682329 El tiempo que se llevó importar los productos desde un archivo Excel: 37.2509ms
2023/01/14 22:52:01.046085 Error al escanear reporte de inventario:
sql: Scan error on column index 0, name "precioCompra": converting NULL to float64 is unsupported
